<?xml version="1.0" encoding="UTF-8"?>
<!-- Generated by org.testng.reporters.JUnitReportReporter -->
<testsuite hostname="vydhyanathvishwakarma" failures="0" tests="1" name="pack1.fblogin" time="2.310" errors="0" timestamp="2023-06-09T16:53:09 IST" skipped="0">
  <testcase classname="pack1.fblogin" name="login" time="2.310"/>
  <system-out/>
</testsuite> <!-- pack1.fblogin -->
