<?xml version="1.0" encoding="UTF-8"?>
<!-- Generated by org.testng.reporters.JUnitReportReporter -->
<testsuite hostname="vydhyanathvishwakarma" failures="0" tests="3" name="DataProvider.LoginTricentis" time="35.822" errors="0" timestamp="2023-06-07T08:45:55 IST" skipped="0">
  <testcase classname="DataProvider.LoginTricentis" name="t1" time="12.301"/>
  <system-out/>
  <testcase classname="DataProvider.LoginTricentis" name="t1" time="11.464"/>
  <system-out/>
  <testcase classname="DataProvider.LoginTricentis" name="t1" time="12.057"/>
  <system-out/>
</testsuite> <!-- DataProvider.LoginTricentis -->
